<?xml version="1.0" encoding="UTF-8"?>
<!-- Generated by org.testng.reporters.JUnitReportReporter -->
<testsuite hostname="DESKTOP-MO8E73B" failures="0" tests="1" name="nikee.usa.practiceJava.multipleWindow" time="14.750" errors="0" timestamp="2023-03-09T13:21:29 EST" skipped="0">
  <testcase classname="nikee.usa.practiceJava.multipleWindow" name="getMultipleWindow" time="14.750"/>
  <system-out/>
</testsuite> <!-- nikee.usa.practiceJava.multipleWindow -->
